This is pdfTeX, Version 3.14159265-2.6-1.40.16 (TeX Live 2015) (preloaded format=pdflatex 2015.9.4)  5 DEC 2015 18:48
entering extended mode
 restricted \write18 enabled.
 %&-line parsing enabled.
**ps8_report.tex
(./ps8_report.tex
LaTeX2e <2015/01/01>
Babel <3.9l> and hyphenation patterns for 79 languages loaded.
(/usr/local/texlive/2015/texmf-dist/tex/latex/base/article.cls
Document Class: article 2014/09/29 v1.4h Standard LaTeX document class
(/usr/local/texlive/2015/texmf-dist/tex/latex/base/size11.clo
File: size11.clo 2014/09/29 v1.4h Standard LaTeX file (size option)
)
\c@part=\count79
\c@section=\count80
\c@subsection=\count81
\c@subsubsection=\count82
\c@paragraph=\count83
\c@subparagraph=\count84
\c@figure=\count85
\c@table=\count86
\abovecaptionskip=\skip41
\belowcaptionskip=\skip42
\bibindent=\dimen102
)
(/usr/local/texlive/2015/texmf-dist/tex/latex/graphics/graphicx.sty
Package: graphicx 2014/10/28 v1.0g Enhanced LaTeX Graphics (DPC,SPQR)

(/usr/local/texlive/2015/texmf-dist/tex/latex/graphics/keyval.sty
Package: keyval 2014/10/28 v1.15 key=value parser (DPC)
\KV@toks@=\toks14
)
(/usr/local/texlive/2015/texmf-dist/tex/latex/graphics/graphics.sty
Package: graphics 2014/10/28 v1.0p Standard LaTeX Graphics (DPC,SPQR)

(/usr/local/texlive/2015/texmf-dist/tex/latex/graphics/trig.sty
Package: trig 1999/03/16 v1.09 sin cos tan (DPC)
)
(/usr/local/texlive/2015/texmf-dist/tex/latex/latexconfig/graphics.cfg
File: graphics.cfg 2010/04/23 v1.9 graphics configuration of TeX Live
)
Package graphics Info: Driver file: pdftex.def on input line 94.

(/usr/local/texlive/2015/texmf-dist/tex/latex/pdftex-def/pdftex.def
File: pdftex.def 2011/05/27 v0.06d Graphics/color for pdfTeX

(/usr/local/texlive/2015/texmf-dist/tex/generic/oberdiek/infwarerr.sty
Package: infwarerr 2010/04/08 v1.3 Providing info/warning/error messages (HO)
)
(/usr/local/texlive/2015/texmf-dist/tex/generic/oberdiek/ltxcmds.sty
Package: ltxcmds 2011/11/09 v1.22 LaTeX kernel commands for general use (HO)
)
\Gread@gobject=\count87
))
\Gin@req@height=\dimen103
\Gin@req@width=\dimen104
)
(/usr/local/texlive/2015/texmf-dist/tex/latex/graphics/color.sty
Package: color 2014/10/28 v1.1a Standard LaTeX Color (DPC)

(/usr/local/texlive/2015/texmf-dist/tex/latex/latexconfig/color.cfg
File: color.cfg 2007/01/18 v1.5 color configuration of teTeX/TeXLive
)
Package color Info: Driver file: pdftex.def on input line 142.
)
(/usr/local/texlive/2015/texmf-dist/tex/latex/framed/framed.sty
Package: framed 2011/10/22 v 0.96: framed or shaded text with page breaks
\OuterFrameSep=\skip43
\fb@frw=\dimen105
\fb@frh=\dimen106
\FrameRule=\dimen107
\FrameSep=\dimen108
)
(/usr/local/texlive/2015/texmf-dist/tex/latex/base/alltt.sty
Package: alltt 1997/06/16 v2.0g defines alltt environment
)
(/usr/local/texlive/2015/texmf-dist/tex/latex/amsmath/amsmath.sty
Package: amsmath 2013/01/14 v2.14 AMS math features
\@mathmargin=\skip44

For additional information on amsmath, use the `?' option.
(/usr/local/texlive/2015/texmf-dist/tex/latex/amsmath/amstext.sty
Package: amstext 2000/06/29 v2.01

(/usr/local/texlive/2015/texmf-dist/tex/latex/amsmath/amsgen.sty
File: amsgen.sty 1999/11/30 v2.0
\@emptytoks=\toks15
\ex@=\dimen109
))
(/usr/local/texlive/2015/texmf-dist/tex/latex/amsmath/amsbsy.sty
Package: amsbsy 1999/11/29 v1.2d
\pmbraise@=\dimen110
)
(/usr/local/texlive/2015/texmf-dist/tex/latex/amsmath/amsopn.sty
Package: amsopn 1999/12/14 v2.01 operator names
)
\inf@bad=\count88
LaTeX Info: Redefining \frac on input line 210.
\uproot@=\count89
\leftroot@=\count90
LaTeX Info: Redefining \overline on input line 306.
\classnum@=\count91
\DOTSCASE@=\count92
LaTeX Info: Redefining \ldots on input line 378.
LaTeX Info: Redefining \dots on input line 381.
LaTeX Info: Redefining \cdots on input line 466.
\Mathstrutbox@=\box26
\strutbox@=\box27
\big@size=\dimen111
LaTeX Font Info:    Redeclaring font encoding OML on input line 566.
LaTeX Font Info:    Redeclaring font encoding OMS on input line 567.
\macc@depth=\count93
\c@MaxMatrixCols=\count94
\dotsspace@=\muskip10
\c@parentequation=\count95
\dspbrk@lvl=\count96
\tag@help=\toks16
\row@=\count97
\column@=\count98
\maxfields@=\count99
\andhelp@=\toks17
\eqnshift@=\dimen112
\alignsep@=\dimen113
\tagshift@=\dimen114
\tagwidth@=\dimen115
\totwidth@=\dimen116
\lineht@=\dimen117
\@envbody=\toks18
\multlinegap=\skip45
\multlinetaggap=\skip46
\mathdisplay@stack=\toks19
LaTeX Info: Redefining \[ on input line 2665.
LaTeX Info: Redefining \] on input line 2666.
)
(/usr/local/texlive/2015/texmf-dist/tex/latex/stmaryrd/stmaryrd.sty
Package: stmaryrd 1994/03/03 St Mary's Road symbol package
\symstmry=\mathgroup4
LaTeX Font Info:    Overwriting symbol font `stmry' in version `bold'
(Font)                  U/stmry/m/n --> U/stmry/b/n on input line 89.
)
(/usr/local/texlive/2015/texmf-dist/tex/latex/bbm-macros/bbm.sty
Package: bbm 1999/03/15 V 1.2 provides fonts for set symbols - TH
LaTeX Font Info:    Overwriting math alphabet `\mathbbm' in version `bold'
(Font)                  U/bbm/m/n --> U/bbm/bx/n on input line 33.
LaTeX Font Info:    Overwriting math alphabet `\mathbbmss' in version `bold'
(Font)                  U/bbmss/m/n --> U/bbmss/bx/n on input line 35.
)
\colveccount=\count100

(/usr/local/texlive/2015/texmf-dist/tex/latex/upquote/upquote.sty
Package: upquote 2012/04/19 v1.3 upright-quote and grave-accent glyphs in verba
tim
)
(./ps8_report.aux)
\openout1 = `ps8_report.aux'.

LaTeX Font Info:    Checking defaults for OML/cmm/m/it on input line 79.
LaTeX Font Info:    ... okay on input line 79.
LaTeX Font Info:    Checking defaults for T1/cmr/m/n on input line 79.
LaTeX Font Info:    ... okay on input line 79.
LaTeX Font Info:    Checking defaults for OT1/cmr/m/n on input line 79.
LaTeX Font Info:    ... okay on input line 79.
LaTeX Font Info:    Checking defaults for OMS/cmsy/m/n on input line 79.
LaTeX Font Info:    ... okay on input line 79.
LaTeX Font Info:    Checking defaults for OMX/cmex/m/n on input line 79.
LaTeX Font Info:    ... okay on input line 79.
LaTeX Font Info:    Checking defaults for U/cmr/m/n on input line 79.
LaTeX Font Info:    ... okay on input line 79.

(/usr/local/texlive/2015/texmf-dist/tex/context/base/supp-pdf.mkii
[Loading MPS to PDF converter (version 2006.09.02).]
\scratchcounter=\count101
\scratchdimen=\dimen118
\scratchbox=\box28
\nofMPsegments=\count102
\nofMParguments=\count103
\everyMPshowfont=\toks20
\MPscratchCnt=\count104
\MPscratchDim=\dimen119
\MPnumerator=\count105
\makeMPintoPDFobject=\count106
\everyMPtoPDFconversion=\toks21
) (/usr/local/texlive/2015/texmf-dist/tex/generic/oberdiek/pdftexcmds.sty
Package: pdftexcmds 2011/11/29 v0.20 Utility functions of pdfTeX for LuaTeX (HO
)

(/usr/local/texlive/2015/texmf-dist/tex/generic/oberdiek/ifluatex.sty
Package: ifluatex 2010/03/01 v1.3 Provides the ifluatex switch (HO)
Package ifluatex Info: LuaTeX not detected.
)
(/usr/local/texlive/2015/texmf-dist/tex/generic/oberdiek/ifpdf.sty
Package: ifpdf 2011/01/30 v2.3 Provides the ifpdf switch (HO)
Package ifpdf Info: pdfTeX in PDF mode is detected.
)
Package pdftexcmds Info: LuaTeX not detected.
Package pdftexcmds Info: \pdf@primitive is available.
Package pdftexcmds Info: \pdf@ifprimitive is available.
Package pdftexcmds Info: \pdfdraftmode found.
)
(/usr/local/texlive/2015/texmf-dist/tex/latex/oberdiek/epstopdf-base.sty
Package: epstopdf-base 2010/02/09 v2.5 Base part for package epstopdf

(/usr/local/texlive/2015/texmf-dist/tex/latex/oberdiek/grfext.sty
Package: grfext 2010/08/19 v1.1 Manage graphics extensions (HO)

(/usr/local/texlive/2015/texmf-dist/tex/generic/oberdiek/kvdefinekeys.sty
Package: kvdefinekeys 2011/04/07 v1.3 Define keys (HO)
))
(/usr/local/texlive/2015/texmf-dist/tex/latex/oberdiek/kvoptions.sty
Package: kvoptions 2011/06/30 v3.11 Key value format for package options (HO)

(/usr/local/texlive/2015/texmf-dist/tex/generic/oberdiek/kvsetkeys.sty
Package: kvsetkeys 2012/04/25 v1.16 Key value parser (HO)

(/usr/local/texlive/2015/texmf-dist/tex/generic/oberdiek/etexcmds.sty
Package: etexcmds 2011/02/16 v1.5 Avoid name clashes with e-TeX commands (HO)
Package etexcmds Info: Could not find \expanded.
(etexcmds)             That can mean that you are not using pdfTeX 1.50 or
(etexcmds)             that some package has redefined \expanded.
(etexcmds)             In the latter case, load this package earlier.
)))
Package grfext Info: Graphics extension search list:
(grfext)             [.png,.pdf,.jpg,.mps,.jpeg,.jbig2,.jb2,.PNG,.PDF,.JPG,.JPE
G,.JBIG2,.JB2,.eps]
(grfext)             \AppendGraphicsExtensions on input line 452.

(/usr/local/texlive/2015/texmf-dist/tex/latex/latexconfig/epstopdf-sys.cfg
File: epstopdf-sys.cfg 2010/07/13 v1.3 Configuration of (r)epstopdf for TeX Liv
e
))
LaTeX Font Info:    Try loading font information for U+stmry on input line 80.

(/usr/local/texlive/2015/texmf-dist/tex/latex/stmaryrd/Ustmry.fd)
Underfull \hbox (badness 10000) in paragraph at lines 85--87

 []


Underfull \hbox (badness 10000) in paragraph at lines 88--90

 []

LaTeX Font Info:    Try loading font information for OMS+cmr on input line 93.
(/usr/local/texlive/2015/texmf-dist/tex/latex/base/omscmr.fd
File: omscmr.fd 2014/09/29 v2.5h Standard LaTeX font definitions
)
LaTeX Font Info:    Font shape `OMS/cmr/m/n' in size <10.95> not available
(Font)              Font shape `OMS/cmsy/m/n' tried instead on input line 93.
Package color Info: Redefining color shadecolor on input line 106.
 [1

{/usr/local/texlive/2015/texmf-var/fonts/map/pdftex/updmap/pdftex.map}]
LaTeX Font Info:    Font shape `OT1/cmtt/bx/n' in size <10.95> not available
(Font)              Font shape `OT1/cmtt/m/n' tried instead on input line 108.

Overfull \hbox (7.91602pt too wide) in paragraph at lines 113--113
\OT1/cmtt/m/it/10.95 ## Scalable Robust Estimators with High Breakdown Point (v
ersion
 []

<figure/unnamed-chunk-1-1.pdf, id=17, 505.89pt x 505.89pt>
File: figure/unnamed-chunk-1-1.pdf Graphic file (type pdf)

<use figure/unnamed-chunk-1-1.pdf>
Package pdftex.def Info: figure/unnamed-chunk-1-1.pdf used on input line 127.
(pdftex.def)             Requested size: 360.0pt x 360.00264pt.

Overfull \hbox (17.0pt too wide) in paragraph at lines 127--128
[][] 
 []

[2]
Package color Info: Redefining color shadecolor on input line 133.
LaTeX Font Info:    Try loading font information for OMS+cmtt on input line 142
.
 (/Library/Frameworks/R.framework/Resources/share/texmf/tex/latex/omscmtt.fd
File: omscmtt.fd 
)
LaTeX Font Info:    Font shape `OMS/cmtt/m/n' in size <10.95> not available
(Font)              Font shape `OMS/cmsy/m/n' tried instead on input line 142.

Overfull \hbox (7.91602pt too wide) in paragraph at lines 172--172
[][]\OT1/cmtt/m/n/10.95 legend[][]([][]"bottomleft"[][],[][]c[][]([][]"Truth"[]
[],[][]"Estimate"[][],[][]"confidence interval"[][]),[][] 
 []

[3 <./figure/unnamed-chunk-1-1.pdf>]
<figure/unnamed-chunk-2-1.pdf, id=32, 505.89pt x 505.89pt>
File: figure/unnamed-chunk-2-1.pdf Graphic file (type pdf)

<use figure/unnamed-chunk-2-1.pdf>
Package pdftex.def Info: figure/unnamed-chunk-2-1.pdf used on input line 176.
(pdftex.def)             Requested size: 360.0pt x 360.00264pt.

Overfull \hbox (17.0pt too wide) in paragraph at lines 176--177
[][] 
 []

[4]
Overfull \hbox (117.14108pt too wide) in paragraph at lines 179--179
[][]\OT1/cmtt/m/n/10.95 mean[][]([][]apply[][](OLSbetastar,[][]1[][],[][]functi
on[][]([][]row[][])[] []Reduce[][]([][]^^M*^^M[][],row[][]>[][]borne_inf[] []&&
[] []row[][]<[][]borne_sup)))[][] 
 []

Package color Info: Redefining color shadecolor on input line 190.

Overfull \hbox (7.91602pt too wide) in paragraph at lines 229--229
[][]\OT1/cmtt/m/n/10.95 legend[][]([][]"bottomleft"[][],[][]c[][]([][]"Truth"[]
[],[][]"Estimate"[][],[][]"confidence interval"[][]),[][] 
 []

[5 <./figure/unnamed-chunk-2-1.pdf>]
<figure/unnamed-chunk-3-1.pdf, id=45, 505.89pt x 505.89pt>
File: figure/unnamed-chunk-3-1.pdf Graphic file (type pdf)

<use figure/unnamed-chunk-3-1.pdf>
Package pdftex.def Info: figure/unnamed-chunk-3-1.pdf used on input line 233.
(pdftex.def)             Requested size: 360.0pt x 360.00264pt.

Overfull \hbox (17.0pt too wide) in paragraph at lines 233--234
[][] 
 []

[6]
Overfull \hbox (99.89502pt too wide) in paragraph at lines 236--236
[][]\OT1/cmtt/m/n/10.95 mean[][]([][]apply[][](betastar,[][]1[][],[][]function[
][]([][]row[][])[] []Reduce[][]([][]^^M*^^M[][],row[][]>[][]borne_inf[] []&&[] 
[]row[][]<[][]borne_sup)))[][] 
 []

Package color Info: Redefining color shadecolor on input line 246.
[7 <./figure/unnamed-chunk-3-1.pdf>]
Underfull \hbox (badness 10000) in paragraph at lines 261--262

 []

Package color Info: Redefining color shadecolor on input line 272.
Package color Info: Redefining color shadecolor on input line 281.

Overfull \hbox (2.16733pt too wide) in paragraph at lines 288--288
[][]\OT1/cmtt/m/n/10.95 legend[][]([][]"topright"[][],[][]c[][]([][]"pareto(2,3
)"[][],[][]"exp(1)"[][]),[][]col[][]=[][]c[][]([][]"red"[][],[][]"blue"[][])[][
] 
 []

<figure/unnamed-chunk-6-1.pdf, id=59, 505.89pt x 505.89pt>
File: figure/unnamed-chunk-6-1.pdf Graphic file (type pdf)

<use figure/unnamed-chunk-6-1.pdf>
Package pdftex.def Info: figure/unnamed-chunk-6-1.pdf used on input line 292.
(pdftex.def)             Requested size: 360.0pt x 360.00264pt.

Overfull \hbox (17.0pt too wide) in paragraph at lines 292--293
[][] 
 []

[8]
Package color Info: Redefining color shadecolor on input line 299.
 [9 <./figure/unnamed-chunk-6-1.pdf>]
Package color Info: Redefining color shadecolor on input line 338.

<figure/unnamed-chunk-8-1.pdf, id=72, 505.89pt x 505.89pt>
File: figure/unnamed-chunk-8-1.pdf Graphic file (type pdf)

<use figure/unnamed-chunk-8-1.pdf>
Package pdftex.def Info: figure/unnamed-chunk-8-1.pdf used on input line 349.
(pdftex.def)             Requested size: 360.0pt x 360.00264pt.

Overfull \hbox (17.0pt too wide) in paragraph at lines 349--350
[][] 
 []

[10]
Package color Info: Redefining color shadecolor on input line 355.
Package color Info: Redefining color shadecolor on input line 368.
 [11 <./figure/unnamed-chunk-8-1.pdf>]
Package color Info: Redefining color shadecolor on input line 406.

<figure/unnamed-chunk-11-1.pdf, id=85, 505.89pt x 505.89pt>
File: figure/unnamed-chunk-11-1.pdf Graphic file (type pdf)

<use figure/unnamed-chunk-11-1.pdf>
Package pdftex.def Info: figure/unnamed-chunk-11-1.pdf used on input line 417.
(pdftex.def)             Requested size: 360.0pt x 360.00264pt.

Overfull \hbox (17.0pt too wide) in paragraph at lines 417--418
[][] 
 []

[12]
Package color Info: Redefining color shadecolor on input line 425.
 [13 <./figure/unnamed-chunk-11-1.pdf>]
Package color Info: Redefining color shadecolor on input line 480.

Overfull \hbox (7.64233pt too wide) in paragraph at lines 507--507
[]  []\OT1/cmtt/m/n/10.95 while[] [](nit[][]==[][]0[] []|[] []sum[][]((beta_old
[][]-[][]beta)[][]^[][]2[][])[][]/[][]sum[][]((beta_old)[][]^[][]2[][])[][]>[][
]eps)\OMS/cmsy/m/n/10.95 f[][] 
 []

[14]
Underfull \vbox (badness 10000) detected at line 531
 []


Underfull \vbox (badness 10000) detected at line 531
 []

[15] <figure/unnamed-chunk-13-1.pdf, id=106, 505.89pt x 505.89pt>
File: figure/unnamed-chunk-13-1.pdf Graphic file (type pdf)

<use figure/unnamed-chunk-13-1.pdf>
Package pdftex.def Info: figure/unnamed-chunk-13-1.pdf used on input line 532.
(pdftex.def)             Requested size: 360.0pt x 360.00264pt.
 [16 <./figure/unnamed-chunk-13-1.pdf>]
Package color Info: Redefining color shadecolor on input line 559.

[17]
Package color Info: Redefining color shadecolor on input line 615.
 [18]
Package color Info: Redefining color shadecolor on input line 648.
 <figure/unnamed-chunk-16-1.pdf, id=122, 505.89pt x 505.89pt>
File: figure/unnamed-chunk-16-1.pdf Graphic file (type pdf)

<use figure/unnamed-chunk-16-1.pdf>
Package pdftex.def Info: figure/unnamed-chunk-16-1.pdf used on input line 654.
(pdftex.def)             Requested size: 360.0pt x 360.00264pt.

Overfull \hbox (17.0pt too wide) in paragraph at lines 654--655
[][] 
 []

Package color Info: Redefining color shadecolor on input line 658.
[19] <figure/unnamed-chunk-17-1.pdf, id=127, 505.89pt x 505.89pt>
File: figure/unnamed-chunk-17-1.pdf Graphic file (type pdf)

<use figure/unnamed-chunk-17-1.pdf>
Package pdftex.def Info: figure/unnamed-chunk-17-1.pdf used on input line 663.
(pdftex.def)             Requested size: 360.0pt x 360.00264pt.

Overfull \hbox (17.0pt too wide) in paragraph at lines 663--664
[][] 
 []

Package color Info: Redefining color shadecolor on input line 667.
[20 <./figure/unnamed-chunk-16-1.pdf>]
<figure/unnamed-chunk-18-1.pdf, id=136, 505.89pt x 505.89pt>
File: figure/unnamed-chunk-18-1.pdf Graphic file (type pdf)

<use figure/unnamed-chunk-18-1.pdf>
Package pdftex.def Info: figure/unnamed-chunk-18-1.pdf used on input line 672.
(pdftex.def)             Requested size: 360.0pt x 360.00264pt.

Overfull \hbox (17.0pt too wide) in paragraph at lines 672--673
[][] 
 []

[21 <./figure/unnamed-chunk-17-1.pdf>]
Package color Info: Redefining color shadecolor on input line 677.

<figure/unnamed-chunk-19-1.pdf, id=145, 505.89pt x 505.89pt>
File: figure/unnamed-chunk-19-1.pdf Graphic file (type pdf)

<use figure/unnamed-chunk-19-1.pdf>
Package pdftex.def Info: figure/unnamed-chunk-19-1.pdf used on input line 682.
(pdftex.def)             Requested size: 360.0pt x 360.00264pt.

Overfull \hbox (17.0pt too wide) in paragraph at lines 682--683
[][] 
 []

[22 <./figure/unnamed-chunk-18-1.pdf>]
Package color Info: Redefining color shadecolor on input line 687.
 [23 <./figure/unnamed-chunk-19-1.pdf>]
[24] (./ps8_report.aux) ) 
Here is how much of TeX's memory you used:
 2505 strings out of 493089
 35212 string characters out of 6134843
 103540 words of memory out of 5000000
 5929 multiletter control sequences out of 15000+600000
 11208 words of font info for 42 fonts, out of 8000000 for 9000
 1141 hyphenation exceptions out of 8191
 38i,11n,23p,440b,278s stack positions out of 5000i,500n,10000p,200000b,80000s
</usr/local/texlive/2015/texmf-dist/fonts/type1/public
/amsfonts/cm/cmbx10.pfb></usr/local/texlive/2015/texmf-dist/fonts/type1/public/
amsfonts/cm/cmbx12.pfb></usr/local/texlive/2015/texmf-dist/fonts/type1/public/a
msfonts/cm/cmex10.pfb></usr/local/texlive/2015/texmf-dist/fonts/type1/public/am
sfonts/cm/cmitt10.pfb></usr/local/texlive/2015/texmf-dist/fonts/type1/public/am
sfonts/cm/cmmi10.pfb></usr/local/texlive/2015/texmf-dist/fonts/type1/public/ams
fonts/cm/cmmi8.pfb></usr/local/texlive/2015/texmf-dist/fonts/type1/public/amsfo
nts/cm/cmr10.pfb></usr/local/texlive/2015/texmf-dist/fonts/type1/public/amsfont
s/cm/cmr12.pfb></usr/local/texlive/2015/texmf-dist/fonts/type1/public/amsfonts/
cm/cmr17.pfb></usr/local/texlive/2015/texmf-dist/fonts/type1/public/amsfonts/cm
/cmr8.pfb></usr/local/texlive/2015/texmf-dist/fonts/type1/public/amsfonts/cm/cm
sy10.pfb></usr/local/texlive/2015/texmf-dist/fonts/type1/public/amsfonts/cm/cms
y8.pfb></usr/local/texlive/2015/texmf-dist/fonts/type1/public/amsfonts/cm/cmti1
2.pfb></usr/local/texlive/2015/texmf-dist/fonts/type1/public/amsfonts/cm/cmtt10
.pfb>
Output written on ps8_report.pdf (24 pages, 320648 bytes).
PDF statistics:
 211 PDF objects out of 1000 (max. 8388607)
 147 compressed objects within 2 object streams
 0 named destinations out of 1000 (max. 500000)
 56 words of extra memory for PDF output out of 10000 (max. 10000000)

